2025-01-29T02:25:55.408-03:00  INFO 65789 --- [restartedMain] com.classicmodels.Application            : Starting Application using Java 17.0.14 with PID 65789 (/home/marcelo/data/programacao/classicmodels-api/target/classes started by marcelo in /data/programacao/classicmodels-api)
2025-01-29T02:25:55.412-03:00  INFO 65789 --- [restartedMain] com.classicmodels.Application            : No active profile set, falling back to 1 default profile: "default"
2025-01-29T02:25:55.485-03:00  INFO 65789 --- [restartedMain] .e.DevToolsPropertyDefaultsPostProcessor : Devtools property defaults active! Set 'spring.devtools.add-properties' to 'false' to disable
2025-01-29T02:25:55.486-03:00  INFO 65789 --- [restartedMain] .e.DevToolsPropertyDefaultsPostProcessor : For additional web related logging consider setting the 'logging.level.web' property to 'DEBUG'
2025-01-29T02:25:56.420-03:00  INFO 65789 --- [restartedMain] .s.d.r.c.RepositoryConfigurationDelegate : Bootstrapping Spring Data JPA repositories in DEFAULT mode.
2025-01-29T02:25:56.547-03:00  INFO 65789 --- [restartedMain] .s.d.r.c.RepositoryConfigurationDelegate : Finished Spring Data repository scanning in 116 ms. Found 9 JPA repository interfaces.
2025-01-29T02:25:57.402-03:00  INFO 65789 --- [restartedMain] o.s.b.w.embedded.tomcat.TomcatWebServer  : Tomcat initialized with port(s): 8080 (http)
2025-01-29T02:25:57.412-03:00  INFO 65789 --- [restartedMain] o.apache.catalina.core.StandardService   : Starting service [Tomcat]
2025-01-29T02:25:57.413-03:00  INFO 65789 --- [restartedMain] o.apache.catalina.core.StandardEngine    : Starting Servlet engine: [Apache Tomcat/10.1.12]
2025-01-29T02:25:57.481-03:00  INFO 65789 --- [restartedMain] o.a.c.c.C.[Tomcat].[localhost].[/]       : Initializing Spring embedded WebApplicationContext
2025-01-29T02:25:57.482-03:00  INFO 65789 --- [restartedMain] w.s.c.ServletWebServerApplicationContext : Root WebApplicationContext: initialization completed in 1995 ms
2025-01-29T02:25:57.648-03:00  INFO 65789 --- [restartedMain] o.f.c.internal.license.VersionPrinter    : Flyway Community Edition 9.16.3 by Redgate
2025-01-29T02:25:57.648-03:00  INFO 65789 --- [restartedMain] o.f.c.internal.license.VersionPrinter    : See release notes here: https://rd.gt/416ObMi
2025-01-29T02:25:57.649-03:00  INFO 65789 --- [restartedMain] o.f.c.internal.license.VersionPrinter    : 
2025-01-29T02:25:57.660-03:00  INFO 65789 --- [restartedMain] com.zaxxer.hikari.HikariDataSource       : HikariPool-1 - Starting...
2025-01-29T02:25:58.015-03:00  INFO 65789 --- [restartedMain] com.zaxxer.hikari.pool.HikariPool        : HikariPool-1 - Added connection com.mysql.cj.jdbc.ConnectionImpl@4e796db4
2025-01-29T02:25:58.018-03:00  INFO 65789 --- [restartedMain] com.zaxxer.hikari.HikariDataSource       : HikariPool-1 - Start completed.
2025-01-29T02:25:58.053-03:00  INFO 65789 --- [restartedMain] o.f.c.i.database.base.BaseDatabaseType   : Database: jdbc:mysql://172.28.0.2:3306/classicmodels_api (MySQL 8.0)
2025-01-29T02:25:58.149-03:00  INFO 65789 --- [restartedMain] o.f.core.internal.command.DbValidate     : Successfully validated 15 migrations (execution time 00:00.043s)
2025-01-29T02:25:58.170-03:00  INFO 65789 --- [restartedMain] o.f.core.internal.command.DbMigrate      : Current version of schema `classicmodels_api`: 015
2025-01-29T02:25:58.171-03:00  INFO 65789 --- [restartedMain] o.f.core.internal.command.DbMigrate      : Schema `classicmodels_api` is up to date. No migration necessary.
2025-01-29T02:25:58.292-03:00  INFO 65789 --- [restartedMain] o.hibernate.jpa.internal.util.LogHelper  : HHH000204: Processing PersistenceUnitInfo [name: default]
2025-01-29T02:25:58.358-03:00  INFO 65789 --- [restartedMain] org.hibernate.Version                    : HHH000412: Hibernate ORM core version 6.2.7.Final
2025-01-29T02:25:58.362-03:00  INFO 65789 --- [restartedMain] org.hibernate.cfg.Environment            : HHH000406: Using bytecode reflection optimizer
2025-01-29T02:25:58.532-03:00  INFO 65789 --- [restartedMain] o.h.b.i.BytecodeProviderInitiator        : HHH000021: Bytecode provider name : bytebuddy
2025-01-29T02:25:58.673-03:00  INFO 65789 --- [restartedMain] o.s.o.j.p.SpringPersistenceUnitInfo      : No LoadTimeWeaver setup: ignoring JPA class transformer
2025-01-29T02:25:59.047-03:00  INFO 65789 --- [restartedMain] o.h.b.i.BytecodeProviderInitiator        : HHH000021: Bytecode provider name : bytebuddy
2025-01-29T02:26:00.117-03:00  INFO 65789 --- [restartedMain] o.h.e.t.j.p.i.JtaPlatformInitiator       : HHH000490: Using JtaPlatform implementation: [org.hibernate.engine.transaction.jta.platform.internal.NoJtaPlatform]
2025-01-29T02:26:00.120-03:00  INFO 65789 --- [restartedMain] j.LocalContainerEntityManagerFactoryBean : Initialized JPA EntityManagerFactory for persistence unit 'default'
2025-01-29T02:26:00.395-03:00  INFO 65789 --- [restartedMain] o.s.d.j.r.query.QueryEnhancerFactory     : Hibernate is in classpath; If applicable, HQL parser will be used.
2025-01-29T02:26:03.148-03:00  WARN 65789 --- [restartedMain] JpaBaseConfiguration$JpaWebConfiguration : spring.jpa.open-in-view is enabled by default. Therefore, database queries may be performed during view rendering. Explicitly configure spring.jpa.open-in-view to disable this warning
2025-01-29T02:26:03.501-03:00  INFO 65789 --- [restartedMain] o.s.s.web.DefaultSecurityFilterChain     : Will secure any request with [org.springframework.security.web.session.DisableEncodeUrlFilter@46038a49, org.springframework.security.web.context.request.async.WebAsyncManagerIntegrationFilter@3901200e, org.springframework.security.web.context.SecurityContextHolderFilter@cae035b, org.springframework.security.web.header.HeaderWriterFilter@31f748c4, org.springframework.web.filter.CorsFilter@2a2a163b, org.springframework.security.web.authentication.logout.LogoutFilter@417afca0, com.classicmodels.security.SecurityFilter@2f8ead12, org.springframework.security.web.savedrequest.RequestCacheAwareFilter@9f3c6f7, org.springframework.security.web.servletapi.SecurityContextHolderAwareRequestFilter@4cfd4551, org.springframework.security.web.authentication.AnonymousAuthenticationFilter@42a509c6, org.springframework.security.web.session.SessionManagementFilter@101e7e89, org.springframework.security.web.access.ExceptionTranslationFilter@12722286, org.springframework.security.web.access.intercept.AuthorizationFilter@47871f58]
2025-01-29T02:26:03.700-03:00  INFO 65789 --- [restartedMain] o.s.b.d.a.OptionalLiveReloadServer       : LiveReload server is running on port 35729
2025-01-29T02:26:03.749-03:00  INFO 65789 --- [restartedMain] o.s.b.w.embedded.tomcat.TomcatWebServer  : Tomcat started on port(s): 8080 (http) with context path ''
2025-01-29T02:26:03.766-03:00  INFO 65789 --- [restartedMain] com.classicmodels.Application            : Started Application in 8.946 seconds (process running for 9.495)
2025-01-29T02:26:17.123-03:00  INFO 65789 --- [http-nio-8080-exec-1] o.a.c.c.C.[Tomcat].[localhost].[/]       : Initializing Spring DispatcherServlet 'dispatcherServlet'
2025-01-29T02:26:17.124-03:00  INFO 65789 --- [http-nio-8080-exec-1] o.s.web.servlet.DispatcherServlet        : Initializing Servlet 'dispatcherServlet'
2025-01-29T02:26:17.126-03:00  INFO 65789 --- [http-nio-8080-exec-1] o.s.web.servlet.DispatcherServlet        : Completed initialization in 2 ms
2025-01-29T02:26:17.709-03:00  INFO 65789 --- [http-nio-8080-exec-1] c.c.a.c.AuthenticationController         : oioi
2025-01-29T02:27:19.200-03:00  INFO 65789 --- [http-nio-8080-exec-5] c.c.a.c.AuthenticationController         : oioi
2025-01-29T03:02:08.345-03:00  INFO 65789 --- [File Watcher] rtingClassPathChangeChangedEventListener : Restarting due to 125 class path changes (1 addition, 101 deletions, 23 modifications)
2025-01-29T03:02:08.354-03:00  INFO 65789 --- [Thread-5] o.apache.catalina.core.StandardService   : Stopping service [Tomcat]
2025-01-29T03:02:08.356-03:00  INFO 65789 --- [Thread-5] o.a.c.c.C.[Tomcat].[localhost].[/]       : Destroying Spring FrameworkServlet 'dispatcherServlet'
2025-01-29T03:02:08.362-03:00  WARN 65789 --- [Thread-5] o.a.c.loader.WebappClassLoaderBase       : The web application [ROOT] appears to have started a thread named [HikariPool-1 housekeeper] but has failed to stop it. This is very likely to create a memory leak. Stack trace of thread:
 java.base@17.0.14/jdk.internal.misc.Unsafe.park(Native Method)
 java.base@17.0.14/java.util.concurrent.locks.LockSupport.parkNanos(LockSupport.java:252)
 java.base@17.0.14/java.util.concurrent.locks.AbstractQueuedSynchronizer$ConditionObject.awaitNanos(AbstractQueuedSynchronizer.java:1679)
 java.base@17.0.14/java.util.concurrent.ScheduledThreadPoolExecutor$DelayedWorkQueue.take(ScheduledThreadPoolExecutor.java:1182)
 java.base@17.0.14/java.util.concurrent.ScheduledThreadPoolExecutor$DelayedWorkQueue.take(ScheduledThreadPoolExecutor.java:899)
 java.base@17.0.14/java.util.concurrent.ThreadPoolExecutor.getTask(ThreadPoolExecutor.java:1062)
 java.base@17.0.14/java.util.concurrent.ThreadPoolExecutor.runWorker(ThreadPoolExecutor.java:1122)
 java.base@17.0.14/java.util.concurrent.ThreadPoolExecutor$Worker.run(ThreadPoolExecutor.java:635)
 java.base@17.0.14/java.lang.Thread.run(Thread.java:840)
2025-01-29T03:02:08.382-03:00  INFO 65789 --- [Thread-5] j.LocalContainerEntityManagerFactoryBean : Closing JPA EntityManagerFactory for persistence unit 'default'
2025-01-29T03:02:08.392-03:00  INFO 65789 --- [Thread-5] com.zaxxer.hikari.HikariDataSource       : HikariPool-1 - Shutdown initiated...
2025-01-29T03:02:08.411-03:00  INFO 65789 --- [Thread-5] com.zaxxer.hikari.HikariDataSource       : HikariPool-1 - Shutdown completed.
2025-01-29T03:02:08.563-03:00  INFO 65789 --- [restartedMain] com.classicmodels.Application            : Starting Application using Java 17.0.14 with PID 65789 (/data/programacao/classicmodels-api/target/classes started by marcelo in /data/programacao/classicmodels-api)
2025-01-29T03:02:08.564-03:00  INFO 65789 --- [restartedMain] com.classicmodels.Application            : No active profile set, falling back to 1 default profile: "default"
2025-01-29T03:02:08.952-03:00  INFO 65789 --- [restartedMain] .s.d.r.c.RepositoryConfigurationDelegate : Bootstrapping Spring Data JPA repositories in DEFAULT mode.
2025-01-29T03:02:08.954-03:00  INFO 65789 --- [restartedMain] .s.d.r.c.RepositoryConfigurationDelegate : Finished Spring Data repository scanning in 1 ms. Found 0 JPA repository interfaces.
2025-01-29T03:02:09.171-03:00  INFO 65789 --- [restartedMain] o.s.b.w.embedded.tomcat.TomcatWebServer  : Tomcat initialized with port(s): 8080 (http)
2025-01-29T03:02:09.174-03:00  INFO 65789 --- [restartedMain] o.apache.catalina.core.StandardService   : Starting service [Tomcat]
2025-01-29T03:02:09.175-03:00  INFO 65789 --- [restartedMain] o.apache.catalina.core.StandardEngine    : Starting Servlet engine: [Apache Tomcat/10.1.12]
2025-01-29T03:02:09.197-03:00  INFO 65789 --- [restartedMain] o.a.c.c.C.[Tomcat].[localhost].[/]       : Initializing Spring embedded WebApplicationContext
2025-01-29T03:02:09.197-03:00  INFO 65789 --- [restartedMain] w.s.c.ServletWebServerApplicationContext : Root WebApplicationContext: initialization completed in 609 ms
2025-01-29T03:02:09.291-03:00  INFO 65789 --- [restartedMain] com.zaxxer.hikari.HikariDataSource       : HikariPool-2 - Starting...
2025-01-29T03:02:09.318-03:00  INFO 65789 --- [restartedMain] com.zaxxer.hikari.pool.HikariPool        : HikariPool-2 - Added connection com.mysql.cj.jdbc.ConnectionImpl@7e08f2ca
2025-01-29T03:02:09.319-03:00  INFO 65789 --- [restartedMain] com.zaxxer.hikari.HikariDataSource       : HikariPool-2 - Start completed.
2025-01-29T03:02:09.321-03:00  INFO 65789 --- [restartedMain] o.f.c.i.database.base.BaseDatabaseType   : Database: jdbc:mysql://172.28.0.2:3306/classicmodels_api (MySQL 8.0)
2025-01-29T03:02:09.355-03:00  INFO 65789 --- [restartedMain] o.f.core.internal.command.DbValidate     : Successfully validated 15 migrations (execution time 00:00.015s)
2025-01-29T03:02:09.370-03:00  INFO 65789 --- [restartedMain] o.f.core.internal.command.DbMigrate      : Current version of schema `classicmodels_api`: 015
2025-01-29T03:02:09.372-03:00  INFO 65789 --- [restartedMain] o.f.core.internal.command.DbMigrate      : Schema `classicmodels_api` is up to date. No migration necessary.
2025-01-29T03:02:09.412-03:00  INFO 65789 --- [restartedMain] o.hibernate.jpa.internal.util.LogHelper  : HHH000204: Processing PersistenceUnitInfo [name: default]
2025-01-29T03:02:09.421-03:00  INFO 65789 --- [restartedMain] o.h.b.i.BytecodeProviderInitiator        : HHH000021: Bytecode provider name : bytebuddy
2025-01-29T03:02:09.422-03:00  INFO 65789 --- [restartedMain] o.s.o.j.p.SpringPersistenceUnitInfo      : No LoadTimeWeaver setup: ignoring JPA class transformer
2025-01-29T03:02:09.429-03:00  INFO 65789 --- [restartedMain] o.h.b.i.BytecodeProviderInitiator        : HHH000021: Bytecode provider name : bytebuddy
2025-01-29T03:02:09.439-03:00  INFO 65789 --- [restartedMain] o.h.e.t.j.p.i.JtaPlatformInitiator       : HHH000490: Using JtaPlatform implementation: [org.hibernate.engine.transaction.jta.platform.internal.NoJtaPlatform]
2025-01-29T03:02:09.440-03:00  INFO 65789 --- [restartedMain] j.LocalContainerEntityManagerFactoryBean : Initialized JPA EntityManagerFactory for persistence unit 'default'
2025-01-29T03:02:09.486-03:00  WARN 65789 --- [restartedMain] JpaBaseConfiguration$JpaWebConfiguration : spring.jpa.open-in-view is enabled by default. Therefore, database queries may be performed during view rendering. Explicitly configure spring.jpa.open-in-view to disable this warning
2025-01-29T03:02:09.740-03:00  WARN 65789 --- [restartedMain] .s.s.UserDetailsServiceAutoConfiguration : 

Using generated security password: b3f078a5-99ae-4516-9c06-4a5b190cd647

This generated password is for development use only. Your security configuration must be updated before running your application in production.

2025-01-29T03:02:09.780-03:00  INFO 65789 --- [restartedMain] o.s.s.web.DefaultSecurityFilterChain     : Will secure any request with [org.springframework.security.web.session.DisableEncodeUrlFilter@6ab94148, org.springframework.security.web.context.request.async.WebAsyncManagerIntegrationFilter@aad1dd1, org.springframework.security.web.context.SecurityContextHolderFilter@2c7ea0d8, org.springframework.security.web.header.HeaderWriterFilter@516ab990, org.springframework.security.web.csrf.CsrfFilter@7370959d, org.springframework.security.web.authentication.logout.LogoutFilter@31ad8144, org.springframework.security.web.authentication.UsernamePasswordAuthenticationFilter@590d40f4, org.springframework.security.web.authentication.ui.DefaultLoginPageGeneratingFilter@30eb5376, org.springframework.security.web.authentication.ui.DefaultLogoutPageGeneratingFilter@4d68f0e2, org.springframework.security.web.authentication.www.BasicAuthenticationFilter@47752777, org.springframework.security.web.savedrequest.RequestCacheAwareFilter@5b5504b7, org.springframework.security.web.servletapi.SecurityContextHolderAwareRequestFilter@3449ca56, org.springframework.security.web.authentication.AnonymousAuthenticationFilter@23c828a7, org.springframework.security.web.access.ExceptionTranslationFilter@5d864ead, org.springframework.security.web.access.intercept.AuthorizationFilter@402e33b4]
2025-01-29T03:02:09.798-03:00  INFO 65789 --- [restartedMain] o.s.b.d.a.OptionalLiveReloadServer       : LiveReload server is running on port 35729
2025-01-29T03:02:09.822-03:00  INFO 65789 --- [restartedMain] o.s.b.w.embedded.tomcat.TomcatWebServer  : Tomcat started on port(s): 8080 (http) with context path ''
2025-01-29T03:02:09.829-03:00  INFO 65789 --- [restartedMain] com.classicmodels.Application            : Started Application in 1.323 seconds (process running for 2175.557)
2025-01-29T03:02:09.836-03:00  INFO 65789 --- [restartedMain] .ConditionEvaluationDeltaLoggingListener : Condition evaluation delta:


==========================
CONDITION EVALUATION DELTA
==========================


Positive matches:
-----------------

   SpringBootWebSecurityConfiguration.SecurityFilterChainConfiguration matched:
      - AllNestedConditions 2 matched 0 did not; NestedCondition on DefaultWebSecurityCondition.Beans @ConditionalOnMissingBean (types: org.springframework.security.web.SecurityFilterChain; SearchStrategy: all) did not find any beans; NestedCondition on DefaultWebSecurityCondition.Classes @ConditionalOnClass found required classes 'org.springframework.security.web.SecurityFilterChain', 'org.springframework.security.config.annotation.web.builders.HttpSecurity' (DefaultWebSecurityCondition)

   SpringBootWebSecurityConfiguration.WebSecurityEnablerConfiguration matched:
      - @ConditionalOnClass found required class 'org.springframework.security.config.annotation.web.configuration.EnableWebSecurity' (OnClassCondition)
      - @ConditionalOnMissingBean (names: springSecurityFilterChain; SearchStrategy: all) did not find any beans (OnBeanCondition)

   UserDetailsServiceAutoConfiguration matched:
      - @ConditionalOnClass found required class 'org.springframework.security.authentication.AuthenticationManager' (OnClassCondition)
      - @ConditionalOnBean (types: org.springframework.security.config.annotation.ObjectPostProcessor; SearchStrategy: all) found bean 'objectPostProcessor'; @ConditionalOnMissingBean (types: org.springframework.security.authentication.AuthenticationManager,org.springframework.security.authentication.AuthenticationProvider,org.springframework.security.core.userdetails.UserDetailsService,org.springframework.security.authentication.AuthenticationManagerResolver,org.springframework.security.oauth2.jwt.JwtDecoder,org.springframework.security.oauth2.server.resource.introspection.OpaqueTokenIntrospector,org.springframework.security.oauth2.client.registration.ClientRegistrationRepository,org.springframework.security.saml2.provider.service.registration.RelyingPartyRegistrationRepository; SearchStrategy: all) did not find any beans (OnBeanCondition)


Negative matches:
-----------------

    None


Exclusions:
-----------

    None


Unconditional classes:
----------------------

    None



2025-01-29T03:03:31.814-03:00  INFO 65789 --- [SpringApplicationShutdownHook] j.LocalContainerEntityManagerFactoryBean : Closing JPA EntityManagerFactory for persistence unit 'default'
2025-01-29T03:03:31.815-03:00  INFO 65789 --- [SpringApplicationShutdownHook] com.zaxxer.hikari.HikariDataSource       : HikariPool-2 - Shutdown initiated...
2025-01-29T03:03:31.819-03:00  INFO 65789 --- [SpringApplicationShutdownHook] com.zaxxer.hikari.HikariDataSource       : HikariPool-2 - Shutdown completed.
2025-01-29T03:08:45.188-03:00  INFO 69117 --- [restartedMain] com.classicmodels.Application            : Starting Application using Java 17.0.14 with PID 69117 (/home/marcelo/data/programacao/classicmodels-api/target/classes started by marcelo in /data/programacao/classicmodels-api)
2025-01-29T03:08:45.193-03:00  INFO 69117 --- [restartedMain] com.classicmodels.Application            : No active profile set, falling back to 1 default profile: "default"
2025-01-29T03:08:45.287-03:00  INFO 69117 --- [restartedMain] .e.DevToolsPropertyDefaultsPostProcessor : Devtools property defaults active! Set 'spring.devtools.add-properties' to 'false' to disable
2025-01-29T03:08:45.288-03:00  INFO 69117 --- [restartedMain] .e.DevToolsPropertyDefaultsPostProcessor : For additional web related logging consider setting the 'logging.level.web' property to 'DEBUG'
2025-01-29T03:08:46.396-03:00  INFO 69117 --- [restartedMain] .s.d.r.c.RepositoryConfigurationDelegate : Bootstrapping Spring Data JPA repositories in DEFAULT mode.
2025-01-29T03:08:46.509-03:00  INFO 69117 --- [restartedMain] .s.d.r.c.RepositoryConfigurationDelegate : Finished Spring Data repository scanning in 103 ms. Found 9 JPA repository interfaces.
2025-01-29T03:08:47.479-03:00  INFO 69117 --- [restartedMain] o.s.b.w.embedded.tomcat.TomcatWebServer  : Tomcat initialized with port(s): 8080 (http)
2025-01-29T03:08:47.492-03:00  INFO 69117 --- [restartedMain] o.apache.catalina.core.StandardService   : Starting service [Tomcat]
2025-01-29T03:08:47.492-03:00  INFO 69117 --- [restartedMain] o.apache.catalina.core.StandardEngine    : Starting Servlet engine: [Apache Tomcat/10.1.12]
2025-01-29T03:08:47.574-03:00  INFO 69117 --- [restartedMain] o.a.c.c.C.[Tomcat].[localhost].[/]       : Initializing Spring embedded WebApplicationContext
2025-01-29T03:08:47.575-03:00  INFO 69117 --- [restartedMain] w.s.c.ServletWebServerApplicationContext : Root WebApplicationContext: initialization completed in 2286 ms
2025-01-29T03:08:47.760-03:00  INFO 69117 --- [restartedMain] o.f.c.internal.license.VersionPrinter    : Flyway Community Edition 9.16.3 by Redgate
2025-01-29T03:08:47.760-03:00  INFO 69117 --- [restartedMain] o.f.c.internal.license.VersionPrinter    : See release notes here: https://rd.gt/416ObMi
2025-01-29T03:08:47.761-03:00  INFO 69117 --- [restartedMain] o.f.c.internal.license.VersionPrinter    : 
2025-01-29T03:08:47.776-03:00  INFO 69117 --- [restartedMain] com.zaxxer.hikari.HikariDataSource       : HikariPool-1 - Starting...
2025-01-29T03:08:48.152-03:00  INFO 69117 --- [restartedMain] com.zaxxer.hikari.pool.HikariPool        : HikariPool-1 - Added connection com.mysql.cj.jdbc.ConnectionImpl@25bb5bf3
2025-01-29T03:08:48.155-03:00  INFO 69117 --- [restartedMain] com.zaxxer.hikari.HikariDataSource       : HikariPool-1 - Start completed.
2025-01-29T03:08:48.194-03:00  INFO 69117 --- [restartedMain] o.f.c.i.database.base.BaseDatabaseType   : Database: jdbc:mysql://172.28.0.2:3306/classicmodels_api (MySQL 8.0)
2025-01-29T03:08:48.295-03:00  INFO 69117 --- [restartedMain] o.f.core.internal.command.DbValidate     : Successfully validated 15 migrations (execution time 00:00.046s)
2025-01-29T03:08:48.319-03:00  INFO 69117 --- [restartedMain] o.f.core.internal.command.DbMigrate      : Current version of schema `classicmodels_api`: 015
2025-01-29T03:08:48.321-03:00  INFO 69117 --- [restartedMain] o.f.core.internal.command.DbMigrate      : Schema `classicmodels_api` is up to date. No migration necessary.
2025-01-29T03:08:48.445-03:00  INFO 69117 --- [restartedMain] o.hibernate.jpa.internal.util.LogHelper  : HHH000204: Processing PersistenceUnitInfo [name: default]
2025-01-29T03:08:48.507-03:00  INFO 69117 --- [restartedMain] org.hibernate.Version                    : HHH000412: Hibernate ORM core version 6.2.7.Final
2025-01-29T03:08:48.511-03:00  INFO 69117 --- [restartedMain] org.hibernate.cfg.Environment            : HHH000406: Using bytecode reflection optimizer
2025-01-29T03:08:48.655-03:00  INFO 69117 --- [restartedMain] o.h.b.i.BytecodeProviderInitiator        : HHH000021: Bytecode provider name : bytebuddy
2025-01-29T03:08:48.815-03:00  INFO 69117 --- [restartedMain] o.s.o.j.p.SpringPersistenceUnitInfo      : No LoadTimeWeaver setup: ignoring JPA class transformer
2025-01-29T03:08:49.206-03:00  INFO 69117 --- [restartedMain] o.h.b.i.BytecodeProviderInitiator        : HHH000021: Bytecode provider name : bytebuddy
2025-01-29T03:08:50.128-03:00  INFO 69117 --- [restartedMain] o.h.e.t.j.p.i.JtaPlatformInitiator       : HHH000490: Using JtaPlatform implementation: [org.hibernate.engine.transaction.jta.platform.internal.NoJtaPlatform]
2025-01-29T03:08:50.132-03:00  INFO 69117 --- [restartedMain] j.LocalContainerEntityManagerFactoryBean : Initialized JPA EntityManagerFactory for persistence unit 'default'
2025-01-29T03:08:50.402-03:00  INFO 69117 --- [restartedMain] o.s.d.j.r.query.QueryEnhancerFactory     : Hibernate is in classpath; If applicable, HQL parser will be used.
2025-01-29T03:08:51.974-03:00  WARN 69117 --- [restartedMain] JpaBaseConfiguration$JpaWebConfiguration : spring.jpa.open-in-view is enabled by default. Therefore, database queries may be performed during view rendering. Explicitly configure spring.jpa.open-in-view to disable this warning
2025-01-29T03:08:52.273-03:00  INFO 69117 --- [restartedMain] o.s.s.web.DefaultSecurityFilterChain     : Will secure any request with [org.springframework.security.web.session.DisableEncodeUrlFilter@6fc5f7a2, org.springframework.security.web.context.request.async.WebAsyncManagerIntegrationFilter@4638080a, org.springframework.security.web.context.SecurityContextHolderFilter@56f83cd, org.springframework.security.web.header.HeaderWriterFilter@51481850, org.springframework.web.filter.CorsFilter@5f2ca22, org.springframework.security.web.authentication.logout.LogoutFilter@6b5b0590, com.classicmodels.security.SecurityFilter@2da40122, org.springframework.security.web.savedrequest.RequestCacheAwareFilter@39f75776, org.springframework.security.web.servletapi.SecurityContextHolderAwareRequestFilter@7f5d7778, org.springframework.security.web.authentication.AnonymousAuthenticationFilter@3b1f0263, org.springframework.security.web.session.SessionManagementFilter@35e1d21, org.springframework.security.web.access.ExceptionTranslationFilter@784aa1e7, org.springframework.security.web.access.intercept.AuthorizationFilter@356386e6]
2025-01-29T03:08:52.506-03:00  INFO 69117 --- [restartedMain] o.s.b.d.a.OptionalLiveReloadServer       : LiveReload server is running on port 35729
2025-01-29T03:08:52.545-03:00  INFO 69117 --- [restartedMain] o.s.b.w.embedded.tomcat.TomcatWebServer  : Tomcat started on port(s): 8080 (http) with context path ''
2025-01-29T03:08:52.563-03:00  INFO 69117 --- [restartedMain] com.classicmodels.Application            : Started Application in 7.978 seconds (process running for 8.552)
2025-01-29T03:09:13.538-03:00  INFO 69117 --- [http-nio-8080-exec-2] o.a.c.c.C.[Tomcat].[localhost].[/]       : Initializing Spring DispatcherServlet 'dispatcherServlet'
2025-01-29T03:09:13.540-03:00  INFO 69117 --- [http-nio-8080-exec-2] o.s.web.servlet.DispatcherServlet        : Initializing Servlet 'dispatcherServlet'
2025-01-29T03:09:13.544-03:00  INFO 69117 --- [http-nio-8080-exec-2] o.s.web.servlet.DispatcherServlet        : Completed initialization in 3 ms
2025-01-29T03:09:14.099-03:00  INFO 69117 --- [http-nio-8080-exec-2] c.c.a.c.AuthenticationController         : Teste de log info
2025-01-29T03:09:14.100-03:00 ERROR 69117 --- [http-nio-8080-exec-2] c.c.a.c.AuthenticationController         : Teste de log error
2025-01-29T03:11:03.087-03:00  INFO 69117 --- [SpringApplicationShutdownHook] j.LocalContainerEntityManagerFactoryBean : Closing JPA EntityManagerFactory for persistence unit 'default'
2025-01-29T03:11:03.091-03:00  INFO 69117 --- [SpringApplicationShutdownHook] com.zaxxer.hikari.HikariDataSource       : HikariPool-1 - Shutdown initiated...
2025-01-29T03:11:03.100-03:00  INFO 69117 --- [SpringApplicationShutdownHook] com.zaxxer.hikari.HikariDataSource       : HikariPool-1 - Shutdown completed.
